<?xml version="1.0" encoding="UTF-8"?>
<testsuite xmlns:xsi="http://www.w3.org/2001/XMLSchema-instance" xsi:noNamespaceSchemaLocation="https://maven.apache.org/surefire/maven-surefire-plugin/xsd/surefire-test-report.xsd" version="3.0.2" name="runners.TestRunner" time="19.724" tests="4" errors="0" skipped="0" failures="0">
  <properties>
[...]
</properties>
  <testcase name="Successful login with valid credentials" classname="Bank Login Functionality" time="4.117">
    <system-out><![CDATA[
Scenario: Successful login with valid credentials                     # src/test/resources/features/login.feature:3
  Given the user is on the login page                                 # stepDefinitions.LoginSteps.theUserIsOnTheLoginPage()
  When the user enters username "testuser" and password "password123" # stepDefinitions.LoginSteps.theUserEntersUsernameAndPassword(java.lang.String,java.lang.String)
  And clicks on the login button                                      # stepDefinitions.LoginSteps.clicksOnTheLoginButton()
  Then the user should be redirected to the dashboard                 # stepDefinitions.LoginSteps.theUserShouldBeRedirectedToTheDashboard()
]]></system-out>
    <system-err><![CDATA[SLF4J: No SLF4J providers were found.
SLF4J: Defaulting to no-operation (NOP) logger implementation
SLF4J: See https://www.slf4j.org/codes.html#noProviders for further details.
Apr 26, 2026 2:21:34 PM org.openqa.selenium.remote.service.DriverService$Builder getLogOutput
INFO: Driver logs no longer sent to console by default; https://www.selenium.dev/documentation/webdriver/drivers/service/#setting-log-output
Apr 26, 2026 2:21:35 PM org.openqa.selenium.devtools.CdpVersionFinder findNearestMatch
WARNING: Unable to find CDP implementation matching 147
Apr 26, 2026 2:21:35 PM org.openqa.selenium.chromium.ChromiumDriver lambda$new$4
WARNING: Unable to find version of CDP to use for . You may need to include a dependency on a specific version of the CDP using something similar to `org.seleniumhq.selenium:selenium-devtools-v86:4.10.0` where the version ("v86") matches the version of the chromium-based browser you're using and the version number of the artifact is the same as Selenium's.
]]></system-err>
  </testcase>
  <testcase name="Unsuccessful login with invalid credentials" classname="Bank Login Functionality" time="2.973">
    <system-out><![CDATA[
Scenario: Unsuccessful login with invalid credentials                      # src/test/resources/features/login.feature:9
  Given the user is on the login page                                      # stepDefinitions.LoginSteps.theUserIsOnTheLoginPage()
  When the user enters username "invaliduser" and password "wrongpass"     # stepDefinitions.LoginSteps.theUserEntersUsernameAndPassword(java.lang.String,java.lang.String)
  And clicks on the login button                                           # stepDefinitions.LoginSteps.clicksOnTheLoginButton()
  Then an error message "Invalid username or password" should be displayed # stepDefinitions.LoginSteps.anErrorMessageShouldBeDisplayed(java.lang.String)
]]></system-out>
    <system-err><![CDATA[Apr 26, 2026 2:21:38 PM org.openqa.selenium.remote.service.DriverService$Builder getLogOutput
INFO: Driver logs no longer sent to console by default; https://www.selenium.dev/documentation/webdriver/drivers/service/#setting-log-output
Apr 26, 2026 2:21:38 PM org.openqa.selenium.devtools.CdpVersionFinder findNearestMatch
WARNING: Unable to find CDP implementation matching 147
Apr 26, 2026 2:21:38 PM org.openqa.selenium.chromium.ChromiumDriver lambda$new$4
WARNING: Unable to find version of CDP to use for . You may need to include a dependency on a specific version of the CDP using something similar to `org.seleniumhq.selenium:selenium-devtools-v86:4.10.0` where the version ("v86") matches the version of the chromium-based browser you're using and the version number of the artifact is the same as Selenium's.
]]></system-err>
  </testcase>
  <testcase name="Successful money transfer" classname="Money Transfer Functionality" time="6.012">
    <system-out><![CDATA[
Scenario: Successful money transfer                                # src/test/resources/features/transfer.feature:6
  Given the user is logged into the dashboard                      # stepDefinitions.TransferSteps.theUserIsLoggedIntoTheDashboard()
  When the user transfers "50" dollars to "receiverUser"           # stepDefinitions.TransferSteps.theUserTransfersDollarsTo(java.lang.String,java.lang.String)
  Then a success message "Transfer successful" should be displayed # stepDefinitions.TransferSteps.aSuccessMessageShouldBeDisplayed(java.lang.String)
]]></system-out>
    <system-err><![CDATA[Apr 26, 2026 2:21:41 PM org.openqa.selenium.remote.service.DriverService$Builder getLogOutput
INFO: Driver logs no longer sent to console by default; https://www.selenium.dev/documentation/webdriver/drivers/service/#setting-log-output
Apr 26, 2026 2:21:41 PM org.openqa.selenium.devtools.CdpVersionFinder findNearestMatch
WARNING: Unable to find CDP implementation matching 147
Apr 26, 2026 2:21:41 PM org.openqa.selenium.chromium.ChromiumDriver lambda$new$4
WARNING: Unable to find version of CDP to use for . You may need to include a dependency on a specific version of the CDP using something similar to `org.seleniumhq.selenium:selenium-devtools-v86:4.10.0` where the version ("v86") matches the version of the chromium-based browser you're using and the version number of the artifact is the same as Selenium's.
]]></system-err>
  </testcase>
  <testcase name="Unsuccessful transfer due to insufficient balance" classname="Money Transfer Functionality" time="6.167">
    <system-out><![CDATA[
Scenario: Unsuccessful transfer due to insufficient balance                     # src/test/resources/features/transfer.feature:10
  Given the user is logged into the dashboard                                   # stepDefinitions.TransferSteps.theUserIsLoggedIntoTheDashboard()
  When the user transfers "50000" dollars to "receiverUser"                     # stepDefinitions.TransferSteps.theUserTransfersDollarsTo(java.lang.String,java.lang.String)
  Then an error message "Insufficient balance" should be displayed on dashboard # stepDefinitions.TransferSteps.anErrorMessageShouldBeDisplayedOnDashboard(java.lang.String)
]]></system-out>
    <system-err><![CDATA[Apr 26, 2026 2:21:47 PM org.openqa.selenium.remote.service.DriverService$Builder getLogOutput
INFO: Driver logs no longer sent to console by default; https://www.selenium.dev/documentation/webdriver/drivers/service/#setting-log-output
Apr 26, 2026 2:21:47 PM org.openqa.selenium.devtools.CdpVersionFinder findNearestMatch
WARNING: Unable to find CDP implementation matching 147
Apr 26, 2026 2:21:47 PM org.openqa.selenium.chromium.ChromiumDriver lambda$new$4
WARNING: Unable to find version of CDP to use for . You may need to include a dependency on a specific version of the CDP using something similar to `org.seleniumhq.selenium:selenium-devtools-v86:4.10.0` where the version ("v86") matches the version of the chromium-based browser you're using and the version number of the artifact is the same as Selenium's.
]]></system-err>
  </testcase>
</testsuite>